[Licensing::Module] Trying to connect to existing licensing client channel...
Built from '6000.2/respin/6000.2.6f2-cc51a95c03' branch; Version is '6000.2.6f2 (4a4dcaec6541) revision 4869578'; Using compiler version '194234433'; Build Type 'Release'
[Licensing::IpcConnector] Successfully connected to: "LicenseClient-Malcolm" at "2025-11-05T23:57:12.333544Z"
OS: 'Windows 11  (10.0.26100) 64bit Core' Language: 'en' Physical Memory: 32623 MB
BatchMode: 1, IsHumanControllingUs: 0, StartBugReporterOnCrash: 0, Is64bit: 1
Date: 2025-11-05T23:57:12Z

COMMAND LINE ARGUMENTS:
C:\Program Files\Unity\Hub\Editor\6000.2.6f2\Editor\Unity.exe
-adb2
-batchMode
-noUpm
-name
AssetImportWorker1
-projectPath
C:/Users/Malcolm/Documents/GitHub/webpark/webpark
-logFile
Logs/AssetImportWorker1.log
-srvPort
60282
-licensingIpc
LicenseClient-Malcolm
-job-worker-count
7
-background-job-worker-count
8
-gc-helper-count
1
-name
AssetImport
Successfully changed project path to: C:/Users/Malcolm/Documents/GitHub/webpark/webpark
C:/Users/Malcolm/Documents/GitHub/webpark/webpark
[UnityMemory] Configuration Parameters - Can be set up in boot.config
    "memorysetup-allocator-temp-initial-block-size-main=262144"
    "memorysetup-allocator-temp-initial-block-size-worker=262144"
    "memorysetup-bucket-allocator-granularity=16"
    "memorysetup-bucket-allocator-bucket-count=8"
    "memorysetup-bucket-allocator-block-size=33554432"
    "memorysetup-bucket-allocator-block-count=8"
    "memorysetup-main-allocator-block-size=16777216"
    "memorysetup-thread-allocator-block-size=16777216"
    "memorysetup-gfx-main-allocator-block-size=16777216"
    "memorysetup-gfx-thread-allocator-block-size=16777216"
    "memorysetup-cache-allocator-block-size=4194304"
    "memorysetup-typetree-allocator-block-size=2097152"
    "memorysetup-profiler-bucket-allocator-granularity=16"
    "memorysetup-profiler-bucket-allocator-bucket-count=8"
    "memorysetup-profiler-bucket-allocator-block-size=33554432"
    "memorysetup-profiler-bucket-allocator-block-count=8"
    "memorysetup-profiler-allocator-block-size=16777216"
    "memorysetup-profiler-editor-allocator-block-size=1048576"
    "memorysetup-temp-allocator-size-main=16777216"
    "memorysetup-job-temp-allocator-block-size=2097152"
    "memorysetup-job-temp-allocator-block-size-background=1048576"
    "memorysetup-job-temp-allocator-reduction-small-platforms=262144"
    "memorysetup-temp-allocator-size-background-worker=32768"
    "memorysetup-temp-allocator-size-job-worker=262144"
    "memorysetup-temp-allocator-size-preload-manager=33554432"
    "memorysetup-temp-allocator-size-nav-mesh-worker=65536"
    "memorysetup-temp-allocator-size-audio-worker=65536"
    "memorysetup-temp-allocator-size-cloud-worker=32768"
    "memorysetup-temp-allocator-size-gi-baking-worker=262144"
    "memorysetup-temp-allocator-size-gi-baking-worker=262144"
    "memorysetup-temp-allocator-size-gi-baking-worker=262144"
    "memorysetup-temp-allocator-size-gi-baking-worker=262144"
    "memorysetup-temp-allocator-size-gi-baking-worker=262144"
    "memorysetup-temp-allocator-size-gfx=262144"
Player connection [6792]  Target information:

Player connection [6792]  * "[IP] 192.168.2.64 [Port] 0 [Flags] 2 [Guid] 373522246 [EditorId] 373522246 [Version] 1048832 [Id] WindowsEditor(7,Supercalifragilisticexplialidocius-gaming-PC) [Debug] 1 [PackageName] WindowsEditor [ProjectName] Editor" 

Player connection [6792] Host joined multi-casting on [225.0.0.222:54997]...
Player connection [6792] Host joined alternative multi-casting on [225.0.0.222:34997]...
JobSystem: Creating JobQueue using job-worker-count value 7
Input System module state changed to: Initialized.
[Physics::Module] Initialized fallback backend.
[Physics::Module] Id: 0xdecafbad
Library Redirect Path: Library/
[Physics::Module] Selected backend.
[Physics::Module] Name: PhysX
[Physics::Module] Id: 0xf2b8ea05
[Physics::Module] SDK Version: 4.1.2
[Physics::Module] Integration Version: 1.0.0
[Physics::Module] Threading Mode: Multi-Threaded
Refreshing native plugins compatible for Editor in 0.95 ms, found 2 plugins.
Preloading 0 native plugins for Editor in 0.00 ms.
Initialize engine version: 6000.2.6f2 (4a4dcaec6541)
[Subsystems] Discovering subsystems at path C:/Program Files/Unity/Hub/Editor/6000.2.6f2/Editor/Data/Resources/UnitySubsystems
[Subsystems] Discovering subsystems at path C:/Users/Malcolm/Documents/GitHub/webpark/webpark/Assets
GfxDevice: creating device client; kGfxThreadingModeNonThreaded
d3d12: failed to query info queue interface (0x80004002).
Direct3D:
    Version:         Direct3D 12 [level 12.1]
    Renderer:        AMD Radeon RX 6800 (ID=0x73bf)
    Vendor:          ATI
    VRAM:            16337 MB
    App VRAM Budget: 15569 MB
    Driver:          31.0.24033.1003
Initialize mono
Mono path[0] = 'C:/Program Files/Unity/Hub/Editor/6000.2.6f2/Editor/Data/Managed'
Mono path[1] = 'C:/Program Files/Unity/Hub/Editor/6000.2.6f2/Editor/Data/MonoBleedingEdge/lib/mono/unityjit-win32'
Mono config path = 'C:/Program Files/Unity/Hub/Editor/6000.2.6f2/Editor/Data/MonoBleedingEdge/etc'
Using monoOptions --debugger-agent=transport=dt_socket,embedding=1,server=y,suspend=n,address=127.0.0.1:56060
Begin MonoManager ReloadAssembly
Registering precompiled unity dll's ...
Register platform support module: C:/Program Files/Unity/Hub/Editor/6000.2.6f2/Editor/Data/PlaybackEngines/WindowsStandaloneSupport/UnityEditor.WindowsStandalone.Extensions.dll
Registered in 0.002701 seconds.
- Loaded All Assemblies, in  0.346 seconds
Native extension for WindowsStandalone target not found
[Licensing::Client] Error: HandshakeResponse reported an error:
	ResponseCode: 505
	ResponseStatus: Unsupported protocol version '1.17.2'.
[Licensing::Module] Error: Failed to handshake to channel: "LicenseClient-Malcolm"
[Licensing::IpcConnector] LicenseClient-Malcolm channel disconnected successfully.
[Licensing::IpcConnector] Successfully connected to: "LicenseClient-Malcolm-6000.2.6" at "2025-11-05T23:57:13.2647071Z"
[Licensing::Client] Code 10 while verifying Licensing Client signature (process Id: 31636, path: "C:/Program Files/Unity/Hub/Editor/6000.2.6f2/Editor/Data/Resources/Licensing/Client/Unity.Licensing.Client.exe")
[Licensing::Module] LicensingClient has failed validation; ignoring
[Licensing::Client] Handshaking with LicensingClient:
  Version:                 1.17.2+ff71f16
  Session Id:              c469613f5fe74079b4f6a0a50e37eda0
  Correlation Id:          a3780c2ffe441fb6d8dc67ed8dcecd1b
  External correlation Id: 2448813041700803455
  Machine Id:              jtTjQXpkPTHyQ7/8imf4hWb6p8A=
[Licensing::Module] Successfully connected to LicensingClient on channel: "LicenseClient-Malcolm-6000.2.6" (connect: 0.00s, validation: 0.00s, handshake: 0.01s)
[Licensing::IpcConnector] Successfully connected to: "LicenseClient-Malcolm-6000.2.6-notifications" at "2025-11-05T23:57:13.273811Z"
[Licensing::Module] Licensing Background thread has ended after 0.94s
Mono: successfully reloaded assembly
- Finished resetting the current domain, in  0.265 seconds
Domain Reload Profiling: 608ms
	BeginReloadAssembly (124ms)
		ExecutionOrderSort (0ms)
		DisableScriptedObjects (0ms)
		BackupInstance (0ms)
		ReleaseScriptingObjects (0ms)
		CreateAndSetChildDomain (1ms)
	RebuildCommonClasses (31ms)
	RebuildNativeTypeToScriptingClass (9ms)
	initialDomainReloadingComplete (48ms)
	LoadAllAssembliesAndSetupDomain (129ms)
		LoadAssemblies (120ms)
		RebuildTransferFunctionScriptingTraits (0ms)
		AnalyzeDomain (127ms)
			TypeCache.Refresh (125ms)
				TypeCache.ScanAssembly (113ms)
			BuildScriptInfoCaches (0ms)
			ResolveRequiredComponents (0ms)
	FinalizeReload (266ms)
		ReleaseScriptCaches (0ms)
		RebuildScriptCaches (0ms)
		SetupLoadedEditorAssemblies (240ms)
			LogAssemblyErrors (0ms)
			InitializePlatformSupportModulesInManaged (42ms)
			SetLoadedEditorAssemblies (3ms)
			BeforeProcessingInitializeOnLoad (54ms)
			ProcessInitializeOnLoadAttributes (100ms)
			ProcessInitializeOnLoadMethodAttributes (41ms)
			AfterProcessingInitializeOnLoad (0ms)
			EditorAssembliesLoaded (0ms)
		ExecutionOrderSort2 (0ms)
		AwakeInstancesAfterBackupRestoration (0ms)
========================================================================
Worker process is ready to serve import requests
Import Worker Mode flag is 0x00
Begin MonoManager ReloadAssembly
[Licensing::Client] Successfully resolved entitlement details
[Licensing::Module] License group:
  Id: F4-EUWD-G885-FPGF-EUYU-XXXX
  Product: Unity Personal
  Type: ULF
  Expiration: Unlimited
- Loaded All Assemblies, in  0.448 seconds
Refreshing native plugins compatible for Editor in 0.39 ms, found 2 plugins.
Native extension for WindowsStandalone target not found
Package Manager log level set to [2]
[Package Manager] Failed to launch server process. Reason: Unity was launched with the -noUpm command-line argument
[Package Manager] Unable to send message (not connected to server process).
[Package Manager] Cannot connect to Unity Package Manager local server
Mono: successfully reloaded assembly
- Finished resetting the current domain, in  0.369 seconds
Domain Reload Profiling: 814ms
	BeginReloadAssembly (198ms)
		ExecutionOrderSort (0ms)
		DisableScriptedObjects (4ms)
		BackupInstance (0ms)
		ReleaseScriptingObjects (0ms)
		CreateAndSetChildDomain (24ms)
	RebuildCommonClasses (28ms)
	RebuildNativeTypeToScriptingClass (9ms)
	initialDomainReloadingComplete (21ms)
	LoadAllAssembliesAndSetupDomain (188ms)
		LoadAssemblies (219ms)
		RebuildTransferFunctionScriptingTraits (0ms)
		AnalyzeDomain (55ms)
			TypeCache.Refresh (45ms)
				TypeCache.ScanAssembly (37ms)
			BuildScriptInfoCaches (6ms)
			ResolveRequiredComponents (1ms)
	FinalizeReload (370ms)
		ReleaseScriptCaches (0ms)
		RebuildScriptCaches (0ms)
		SetupLoadedEditorAssemblies (294ms)
			LogAssemblyErrors (0ms)
			InitializePlatformSupportModulesInManaged (1ms)
			SetLoadedEditorAssemblies (2ms)
			BeforeProcessingInitializeOnLoad (64ms)
			ProcessInitializeOnLoadAttributes (204ms)
			ProcessInitializeOnLoadMethodAttributes (16ms)
			AfterProcessingInitializeOnLoad (6ms)
			EditorAssembliesLoaded (0ms)
		ExecutionOrderSort2 (0ms)
		AwakeInstancesAfterBackupRestoration (7ms)
Launched and connected shader compiler UnityShaderCompiler.exe after 0.02 seconds
Refreshing native plugins compatible for Editor in 0.47 ms, found 2 plugins.
Preloading 0 native plugins for Editor in 0.00 ms.
Unloading 0 Unused Serialized files (Serialized files now loaded: 0)
Unloading 1234 unused Assets / (330.1 KB). Loaded Objects now: 1729.
Memory consumption went from 63.2 MB to 62.9 MB.
Total: 3.278300 ms (FindLiveObjects: 0.114500 ms CreateObjectMapping: 0.051500 ms MarkObjects: 2.756000 ms  DeleteObjects: 0.355300 ms)

========================================================================
Received Import Request.
  Time since last request: 13249.018971 seconds.
  path: Assets/Materials
  artifactKey: Guid(1bdffb50d79c8084c8dbabf99d4c0892) Importer(2089858483,192608db42251d675da83286b1cce702)
Start importing Assets/Materials using Guid(1bdffb50d79c8084c8dbabf99d4c0892) Importer(2089858483,192608db42251d675da83286b1cce702) (ScriptedImporter) -> (artifact id: '9558275a9cfec67f21f116e9220c666e') in 0.0712433 seconds
Number of updated asset objects reloaded before import = 0Number of asset objects unloaded after import = 1

========================================================================
Received Import Request.
  Time since last request: 0.000035 seconds.
  path: Assets/Scenes/main_scene.unity
  artifactKey: Guid(9fc0d4010bbf28b4594072e72b8655ab) Importer(2089858483,192608db42251d675da83286b1cce702)
Start importing Assets/Scenes/main_scene.unity using Guid(9fc0d4010bbf28b4594072e72b8655ab) Importer(2089858483,192608db42251d675da83286b1cce702) (ScriptedImporter) -> (artifact id: '5cc8ce2a6e198b6658a29ad9689ff278') in 0.011906 seconds
Number of updated asset objects reloaded before import = 0Number of asset objects unloaded after import = 1

========================================================================
Received Import Request.
  Time since last request: 0.000030 seconds.
  path: Assets/Scenes
  artifactKey: Guid(9c53962885c2c4f449125a979d6ad240) Importer(2089858483,192608db42251d675da83286b1cce702)
Start importing Assets/Scenes using Guid(9c53962885c2c4f449125a979d6ad240) Importer(2089858483,192608db42251d675da83286b1cce702) (ScriptedImporter) -> (artifact id: '50731af591a0293490f8fe76bb46648d') in 0.0071213 seconds
Number of updated asset objects reloaded before import = 0Number of asset objects unloaded after import = 1

========================================================================
Received Import Request.
  Time since last request: 0.000042 seconds.
  path: Assets/Scripts
  artifactKey: Guid(e6e3eff2d85ff07409d26d261f3d306e) Importer(2089858483,192608db42251d675da83286b1cce702)
Start importing Assets/Scripts using Guid(e6e3eff2d85ff07409d26d261f3d306e) Importer(2089858483,192608db42251d675da83286b1cce702) (ScriptedImporter) -> (artifact id: '56c9cf60a2575b781b1c0fd351ede178') in 0.0082431 seconds
Number of updated asset objects reloaded before import = 0Number of asset objects unloaded after import = 1

========================================================================
Received Import Request.
  Time since last request: 7.275080 seconds.
  path: Assets/Resources/Scenes
  artifactKey: Guid(9c53962885c2c4f449125a979d6ad240) Importer(2089858483,192608db42251d675da83286b1cce702)
Start importing Assets/Resources/Scenes using Guid(9c53962885c2c4f449125a979d6ad240) Importer(2089858483,192608db42251d675da83286b1cce702) (ScriptedImporter) -> (artifact id: '65103db598c1f08c3c23eeae178b5e66') in 0.007646 seconds
Number of updated asset objects reloaded before import = 0Number of asset objects unloaded after import = 1

========================================================================
Received Import Request.
  Time since last request: 1.823126 seconds.
  path: Assets/Resources/Prefabs
  artifactKey: Guid(98d5ca09839a9844a934551a2a9e28c0) Importer(2089858483,192608db42251d675da83286b1cce702)
Start importing Assets/Resources/Prefabs using Guid(98d5ca09839a9844a934551a2a9e28c0) Importer(2089858483,192608db42251d675da83286b1cce702) (ScriptedImporter) -> (artifact id: '03edd58feab2e0edec68e5d91f38bfea') in 0.0101611 seconds
Number of updated asset objects reloaded before import = 0Number of asset objects unloaded after import = 1

========================================================================
Received Import Request.
  Time since last request: 493.306140 seconds.
  path: Assets/3281128691_preview_A_Pose_Blu_Demoman.png
  artifactKey: Guid(5870e9f4514261a4e932880422c5d96a) Importer(815301076,1909f56bfc062723c751e8b465ee728b)
Start importing Assets/3281128691_preview_A_Pose_Blu_Demoman.png using Guid(5870e9f4514261a4e932880422c5d96a) Importer(815301076,1909f56bfc062723c751e8b465ee728b) (PreviewImporter) -> (artifact id: 'fe1919c8170c5d3cffb62341018dc090') in 0.0501338 seconds
Number of updated asset objects reloaded before import = 0Number of asset objects unloaded after import = 2

========================================================================
Received Import Request.
  Time since last request: 0.048176 seconds.
  path: Assets/3281128691_preview_A_Pose_Blu_Demoman.png
  artifactKey: Guid(5870e9f4514261a4e932880422c5d96a) Importer(2089858483,192608db42251d675da83286b1cce702)
Start importing Assets/3281128691_preview_A_Pose_Blu_Demoman.png using Guid(5870e9f4514261a4e932880422c5d96a) Importer(2089858483,192608db42251d675da83286b1cce702) (ScriptedImporter) -> (artifact id: '6ed2b8f48adcc7b98e8ed54d1fef81e9') in 0.0624004 seconds
Number of updated asset objects reloaded before import = 0Number of asset objects unloaded after import = 1

========================================================================
Received Import Request.
  Time since last request: 11.404867 seconds.
  path: Assets/EVIL _A_Pose_Blu_Demoman.png
  artifactKey: Guid(5870e9f4514261a4e932880422c5d96a) Importer(815301076,1909f56bfc062723c751e8b465ee728b)
Start importing Assets/EVIL _A_Pose_Blu_Demoman.png using Guid(5870e9f4514261a4e932880422c5d96a) Importer(815301076,1909f56bfc062723c751e8b465ee728b) (PreviewImporter) -> (artifact id: 'd2615b62e7adc04bbbcae7d4595e1702') in 0.0078793 seconds
Number of updated asset objects reloaded before import = 0Number of asset objects unloaded after import = 2

========================================================================
Received Import Request.
  Time since last request: 0.970231 seconds.
  path: Assets/EVIL _A_Pose_Blu_Demoman.png
  artifactKey: Guid(5870e9f4514261a4e932880422c5d96a) Importer(2089858483,192608db42251d675da83286b1cce702)
Start importing Assets/EVIL _A_Pose_Blu_Demoman.png using Guid(5870e9f4514261a4e932880422c5d96a) Importer(2089858483,192608db42251d675da83286b1cce702) (ScriptedImporter) -> (artifact id: 'c316b9cd6ffcddb2571c42f6d07fc91d') in 0.012966 seconds
Number of updated asset objects reloaded before import = 0Number of asset objects unloaded after import = 1

========================================================================
Received Import Request.
  Time since last request: 11.820252 seconds.
  path: Assets/EVIL FOLDER EATER.png
  artifactKey: Guid(5870e9f4514261a4e932880422c5d96a) Importer(815301076,1909f56bfc062723c751e8b465ee728b)
Start importing Assets/EVIL FOLDER EATER.png using Guid(5870e9f4514261a4e932880422c5d96a) Importer(815301076,1909f56bfc062723c751e8b465ee728b) (PreviewImporter) -> (artifact id: '54e59c1669668d8d2a43a4cfa843eb78') in 0.0056407 seconds
Number of updated asset objects reloaded before import = 0Number of asset objects unloaded after import = 2

========================================================================
Received Import Request.
  Time since last request: 0.975409 seconds.
  path: Assets/EVIL FOLDER EATER.png
  artifactKey: Guid(5870e9f4514261a4e932880422c5d96a) Importer(2089858483,192608db42251d675da83286b1cce702)
Start importing Assets/EVIL FOLDER EATER.png using Guid(5870e9f4514261a4e932880422c5d96a) Importer(2089858483,192608db42251d675da83286b1cce702) (ScriptedImporter) -> (artifact id: '860e4cee0b3cf98289777e2d2b0c8fba') in 0.014122 seconds
Number of updated asset objects reloaded before import = 0Number of asset objects unloaded after import = 1

========================================================================
Received Import Request.
  Time since last request: 193.072698 seconds.
  path: Assets/image (84).png
  artifactKey: Guid(0b5e8540ef2fa24469d73e0313b9b031) Importer(815301076,1909f56bfc062723c751e8b465ee728b)
Start importing Assets/image (84).png using Guid(0b5e8540ef2fa24469d73e0313b9b031) Importer(815301076,1909f56bfc062723c751e8b465ee728b) (PreviewImporter) -> (artifact id: '02a1108aeb8d4608c76dde0111ad36d9') in 0.0158501 seconds
Number of updated asset objects reloaded before import = 0Number of asset objects unloaded after import = 2

========================================================================
Received Import Request.
  Time since last request: 0.989211 seconds.
  path: Assets/image (84).png
  artifactKey: Guid(0b5e8540ef2fa24469d73e0313b9b031) Importer(2089858483,192608db42251d675da83286b1cce702)
Start importing Assets/image (84).png using Guid(0b5e8540ef2fa24469d73e0313b9b031) Importer(2089858483,192608db42251d675da83286b1cce702) (ScriptedImporter) -> (artifact id: '3119d75654e85f120212890373e92a5a') in 0.0111571 seconds
Number of updated asset objects reloaded before import = 0Number of asset objects unloaded after import = 1

========================================================================
Received Import Request.
  Time since last request: 4.655390 seconds.
  path: Assets/henry.png
  artifactKey: Guid(0b5e8540ef2fa24469d73e0313b9b031) Importer(815301076,1909f56bfc062723c751e8b465ee728b)
Start importing Assets/henry.png using Guid(0b5e8540ef2fa24469d73e0313b9b031) Importer(815301076,1909f56bfc062723c751e8b465ee728b) (PreviewImporter) -> (artifact id: '4a380d9bf75a31ca5069aeeed68e2491') in 0.0056268 seconds
Number of updated asset objects reloaded before import = 0Number of asset objects unloaded after import = 2

========================================================================
Received Import Request.
  Time since last request: 0.979573 seconds.
  path: Assets/henry.png
  artifactKey: Guid(0b5e8540ef2fa24469d73e0313b9b031) Importer(2089858483,192608db42251d675da83286b1cce702)
Start importing Assets/henry.png using Guid(0b5e8540ef2fa24469d73e0313b9b031) Importer(2089858483,192608db42251d675da83286b1cce702) (ScriptedImporter) -> (artifact id: '14b438075807ee92686f8db97f1f2705') in 0.0099076 seconds
Number of updated asset objects reloaded before import = 0Number of asset objects unloaded after import = 1

